Step: build-step-credential-initializer-f6sjk:

{"level":"warn","ts":1556273363.9132538,"logger":"fallback-logger","caller":"logging/config.go:65","msg":"Fetch GitHub commit ID from kodata failed: \"ref: refs/heads/backport-container-name-fix\" is not a valid GitHub commit ID"}
{"level":"info","ts":1556273363.9137285,"logger":"fallback-logger","caller":"creds-init/main.go:40","msg":"Credentials initialized."}
Step: build-step-git-source-cb-kubecd-environment-jstrachan-nv7f5:

{"level":"warn","ts":1556273366.3677878,"logger":"fallback-logger","caller":"logging/config.go:65","msg":"Fetch GitHub commit ID from kodata failed: \"ref: refs/heads/backport-container-name-fix\" is not a valid GitHub commit ID"}
{"level":"info","ts":1556273367.4521828,"logger":"fallback-logger","caller":"git-init/main.go:99","msg":"Successfully cloned \"https://github.com/cb-kubecd/environment-jstrachan-t5-staging\" @ \"3d5c133e343234fc3de56ad0693792dd661a049e\" in path \"/workspace/source\""}
Step: build-step-place-tools:

Step: build-step-git-merge:

Warning failed to load version: failed to parse version -dev+9e73adc0b: No Major.Minor.Patch elements found
time="2019-04-26T10:10:49Z" level=info msg="got "
Using SHAs from PULL_REFS=master:6998e6ae054ebdf38cb7558c8213cdeda7416415,3:3d5c133e343234fc3de56ad0693792dd661a049e
ran git fetch origin 3d5c133e343234fc3de56ad0693792dd661a049e: 6998e6ae054ebdf38cb7558c8213cdeda7416415: in 
Unshallowed git repo in 
ran git checkout master in 
ran git reset --hard 6998e6ae054ebdf38cb7558c8213cdeda7416415 in 
ran clean --force -d . in 
ran git merge 3d5c133e343234fc3de56ad0693792dd661a049e in 
Step: build-step-build-helm-build:

Adding missing Helm repo: chartmuseum.jenkins-x.io http://chartmuseum.jenkins-x.io
Successfully added Helm repository chartmuseum.jenkins-x.io.
Adding missing Helm repo: chartmuseum.**.35.240.40.252.nip.io http://chartmuseum.**.35.240.40.252.nip.io
Successfully added Helm repository chartmuseum.**.35.240.40.252.nip.io.
